# JRE version: OpenJDK Runtime Environment Temurin-21.0.8+9 (21.0.8+9) (build 21.0.8+9-LTS)
# Java VM: OpenJDK 64-Bit Server VM Temurin-21.0.8+9 (21.0.8+9-LTS, mixed mode, sharing, tiered, compressed oops, compressed class ptrs, parallel gc, windows-amd64)
GC Precious Log:
 CardTable entry size: 512
 CPUs: 8 total, 8 available
 Memory: 16165M
 Large Page Support: Disabled
 NUMA Support: Disabled
 Compressed Oops: Enabled (32-bit)
 Alignments: Space 512K, Generation 512K, Heap 2M
 Heap Min Capacity: 100M
 Heap Initial Capacity: 100M
 Heap Max Capacity: 2G
 Pre-touch: Disabled
 Parallel Workers: 8
Heap:
 PSYoungGen      total 19968K, used 3218K [0x00000000d5580000, 0x00000000d6b00000, 0x0000000100000000)
  eden space 19456K, 16% used [0x00000000d5580000,0x00000000d58a4a98,0x00000000d6880000)
  from space 512K, 0% used [0x00000000d6a80000,0x00000000d6a80000,0x00000000d6b00000)
  to   space 512K, 0% used [0x00000000d6880000,0x00000000d6880000,0x00000000d6900000)
 ParOldGen       total 68608K, used 37043K [0x0000000080000000, 0x0000000084300000, 0x00000000d5580000)
  object space 68608K, 53% used [0x0000000080000000,0x000000008242ce60,0x0000000084300000)
 Metaspace       used 59083K, committed 60352K, reserved 1114112K
  class space    used 6466K, committed 6976K, reserved 1048576K
GC Heap History (20 events):
Event: 58.253 GC heap before
{Heap before GC invocations=30 (full 2):
 PSYoungGen      total 22528K, used 22225K [0x00000000d5580000, 0x00000000d6f00000, 0x0000000100000000)
  eden space 20992K, 100% used [0x00000000d5580000,0x00000000d6a00000,0x00000000d6a00000)
  from space 1536K, 80% used [0x00000000d6c00000,0x00000000d6d344d8,0x00000000d6d80000)
  to   space 1536K, 0% used [0x00000000d6d80000,0x00000000d6d80000,0x00000000d6f00000)
 ParOldGen       total 68608K, used 37732K [0x0000000080000000, 0x0000000084300000, 0x00000000d5580000)
  object space 68608K, 54% used [0x0000000080000000,0x00000000824d9248,0x0000000084300000)
 Metaspace       used 51944K, committed 53120K, reserved 1114112K
  class space    used 5681K, committed 6208K, reserved 1048576K
}
Event: 58.259 GC heap after
{Heap after GC invocations=30 (full 2):
 PSYoungGen      total 22016K, used 1536K [0x00000000d5580000, 0x00000000d7200000, 0x0000000100000000)
  eden space 20480K, 0% used [0x00000000d5580000,0x00000000d5580000,0x00000000d6980000)
  from space 1536K, 100% used [0x00000000d6d80000,0x00000000d6f00000,0x00000000d6f00000)
  to   space 4096K, 0% used [0x00000000d6980000,0x00000000d6980000,0x00000000d6d80000)
 ParOldGen       total 68608K, used 39495K [0x0000000080000000, 0x0000000084300000, 0x00000000d5580000)
  object space 68608K, 57% used [0x0000000080000000,0x0000000082691db8,0x0000000084300000)
 Metaspace       used 51944K, committed 53120K, reserved 1114112K
  class space    used 5681K, committed 6208K, reserved 1048576K
}
Event: 62.837 GC heap before
{Heap before GC invocations=31 (full 2):
 PSYoungGen      total 22016K, used 22016K [0x00000000d5580000, 0x00000000d7200000, 0x0000000100000000)
  eden space 20480K, 100% used [0x00000000d5580000,0x00000000d6980000,0x00000000d6980000)
  from space 1536K, 100% used [0x00000000d6d80000,0x00000000d6f00000,0x00000000d6f00000)
  to   space 4096K, 0% used [0x00000000d6980000,0x00000000d6980000,0x00000000d6d80000)
 ParOldGen       total 68608K, used 39495K [0x0000000080000000, 0x0000000084300000, 0x00000000d5580000)
  object space 68608K, 57% used [0x0000000080000000,0x0000000082691db8,0x0000000084300000)
 Metaspace       used 51958K, committed 53120K, reserved 1114112K
  class space    used 5681K, committed 6208K, reserved 1048576K
}
Event: 62.839 GC heap after
{Heap after GC invocations=31 (full 2):
 PSYoungGen      total 20992K, used 96K [0x00000000d5580000, 0x00000000d6e00000, 0x0000000100000000)
  eden space 20480K, 0% used [0x00000000d5580000,0x00000000d5580000,0x00000000d6980000)
  from space 512K, 18% used [0x00000000d6980000,0x00000000d6998000,0x00000000d6a00000)
  to   space 1536K, 0% used [0x00000000d6c80000,0x00000000d6c80000,0x00000000d6e00000)
 ParOldGen       total 68608K, used 41055K [0x0000000080000000, 0x0000000084300000, 0x00000000d5580000)
  object space 68608K, 59% used [0x0000000080000000,0x0000000082817dd8,0x0000000084300000)
 Metaspace       used 51958K, committed 53120K, reserved 1114112K
  class space    used 5681K, committed 6208K, reserved 1048576K
}
Event: 67.095 GC heap before
{Heap before GC invocations=32 (full 2):
 PSYoungGen      total 20992K, used 20576K [0x00000000d5580000, 0x00000000d6e00000, 0x0000000100000000)
  eden space 20480K, 100% used [0x00000000d5580000,0x00000000d6980000,0x00000000d6980000)
  from space 512K, 18% used [0x00000000d6980000,0x00000000d6998000,0x00000000d6a00000)
  to   space 1536K, 0% used [0x00000000d6c80000,0x00000000d6c80000,0x00000000d6e00000)
 ParOldGen       total 68608K, used 41055K [0x0000000080000000, 0x0000000084300000, 0x00000000d5580000)
  object space 68608K, 59% used [0x0000000080000000,0x0000000082817dd8,0x0000000084300000)
 Metaspace       used 51978K, committed 53120K, reserved 1114112K
  class space    used 5681K, committed 6208K, reserved 1048576K
}
Event: 67.096 GC heap after
{Heap after GC invocations=32 (full 2):
 PSYoungGen      total 20992K, used 160K [0x00000000d5580000, 0x00000000d6d00000, 0x0000000100000000)
  eden space 20480K, 0% used [0x00000000d5580000,0x00000000d5580000,0x00000000d6980000)
  from space 512K, 31% used [0x00000000d6c80000,0x00000000d6ca8000,0x00000000d6d00000)
  to   space 512K, 0% used [0x00000000d6980000,0x00000000d6980000,0x00000000d6a00000)
 ParOldGen       total 68608K, used 41103K [0x0000000080000000, 0x0000000084300000, 0x00000000d5580000)
  object space 68608K, 59% used [0x0000000080000000,0x0000000082823dd8,0x0000000084300000)
 Metaspace       used 51978K, committed 53120K, reserved 1114112K
  class space    used 5681K, committed 6208K, reserved 1048576K
}
Event: 81.445 GC heap before
{Heap before GC invocations=33 (full 2):
 PSYoungGen      total 20992K, used 20639K [0x00000000d5580000, 0x00000000d6d00000, 0x0000000100000000)
  eden space 20480K, 99% used [0x00000000d5580000,0x00000000d697ffe0,0x00000000d6980000)
  from space 512K, 31% used [0x00000000d6c80000,0x00000000d6ca8000,0x00000000d6d00000)
  to   space 512K, 0% used [0x00000000d6980000,0x00000000d6980000,0x00000000d6a00000)
 ParOldGen       total 68608K, used 41103K [0x0000000080000000, 0x0000000084300000, 0x00000000d5580000)
  object space 68608K, 59% used [0x0000000080000000,0x0000000082823dd8,0x0000000084300000)
 Metaspace       used 53821K, committed 55040K, reserved 1114112K
  class space    used 5911K, committed 6400K, reserved 1048576K
}
Event: 81.449 GC heap after
{Heap after GC invocations=33 (full 2):
 PSYoungGen      total 20992K, used 512K [0x00000000d5580000, 0x00000000d6d00000, 0x0000000100000000)
  eden space 20480K, 0% used [0x00000000d5580000,0x00000000d5580000,0x00000000d6980000)
  from space 512K, 100% used [0x00000000d6980000,0x00000000d6a00000,0x00000000d6a00000)
  to   space 1536K, 0% used [0x00000000d6b80000,0x00000000d6b80000,0x00000000d6d00000)
 ParOldGen       total 68608K, used 41562K [0x0000000080000000, 0x0000000084300000, 0x00000000d5580000)
  object space 68608K, 60% used [0x0000000080000000,0x0000000082896ac8,0x0000000084300000)
 Metaspace       used 53821K, committed 55040K, reserved 1114112K
  class space    used 5911K, committed 6400K, reserved 1048576K
}
Event: 83.362 GC heap before
{Heap before GC invocations=34 (full 2):
 PSYoungGen      total 20992K, used 20992K [0x00000000d5580000, 0x00000000d6d00000, 0x0000000100000000)
  eden space 20480K, 100% used [0x00000000d5580000,0x00000000d6980000,0x00000000d6980000)
  from space 512K, 100% used [0x00000000d6980000,0x00000000d6a00000,0x00000000d6a00000)
  to   space 1536K, 0% used [0x00000000d6b80000,0x00000000d6b80000,0x00000000d6d00000)
 ParOldGen       total 68608K, used 41562K [0x0000000080000000, 0x0000000084300000, 0x00000000d5580000)
  object space 68608K, 60% used [0x0000000080000000,0x0000000082896ac8,0x0000000084300000)
 Metaspace       used 55574K, committed 56832K, reserved 1114112K
  class space    used 6138K, committed 6656K, reserved 1048576K
}
Event: 83.365 GC heap after
{Heap after GC invocations=34 (full 2):
 PSYoungGen      total 21504K, used 724K [0x00000000d5580000, 0x00000000d6c80000, 0x0000000100000000)
  eden space 20480K, 0% used [0x00000000d5580000,0x00000000d5580000,0x00000000d6980000)
  from space 1024K, 70% used [0x00000000d6b80000,0x00000000d6c353e8,0x00000000d6c80000)
  to   space 1024K, 0% used [0x00000000d6a80000,0x00000000d6a80000,0x00000000d6b80000)
 ParOldGen       total 68608K, used 42055K [0x0000000080000000, 0x0000000084300000, 0x00000000d5580000)
  object space 68608K, 61% used [0x0000000080000000,0x0000000082911e90,0x0000000084300000)
 Metaspace       used 55574K, committed 56832K, reserved 1114112K
  class space    used 6138K, committed 6656K, reserved 1048576K
}
Event: 86.240 GC heap before
{Heap before GC invocations=35 (full 2):
 PSYoungGen      total 21504K, used 21155K [0x00000000d5580000, 0x00000000d6c80000, 0x0000000100000000)
  eden space 20480K, 99% used [0x00000000d5580000,0x00000000d6973928,0x00000000d6980000)
  from space 1024K, 70% used [0x00000000d6b80000,0x00000000d6c353e8,0x00000000d6c80000)
  to   space 1024K, 0% used [0x00000000d6a80000,0x00000000d6a80000,0x00000000d6b80000)
 ParOldGen       total 68608K, used 42055K [0x0000000080000000, 0x0000000084300000, 0x00000000d5580000)
  object space 68608K, 61% used [0x0000000080000000,0x0000000082911e90,0x0000000084300000)
 Metaspace       used 56663K, committed 57920K, reserved 1114112K
  class space    used 6252K, committed 6784K, reserved 1048576K
}
Event: 86.242 GC heap after
{Heap after GC invocations=35 (full 2):
 PSYoungGen      total 20992K, used 448K [0x00000000d5580000, 0x00000000d6c00000, 0x0000000100000000)
  eden space 20480K, 0% used [0x00000000d5580000,0x00000000d5580000,0x00000000d6980000)
  from space 512K, 87% used [0x00000000d6a80000,0x00000000d6af0000,0x00000000d6b00000)
  to   space 1024K, 0% used [0x00000000d6b00000,0x00000000d6b00000,0x00000000d6c00000)
 ParOldGen       total 68608K, used 42661K [0x0000000080000000, 0x0000000084300000, 0x00000000d5580000)
  object space 68608K, 62% used [0x0000000080000000,0x00000000829a9768,0x0000000084300000)
 Metaspace       used 56663K, committed 57920K, reserved 1114112K
  class space    used 6252K, committed 6784K, reserved 1048576K
}
Event: 86.679 GC heap before
{Heap before GC invocations=36 (full 2):
 PSYoungGen      total 20992K, used 20759K [0x00000000d5580000, 0x00000000d6c00000, 0x0000000100000000)
  eden space 20480K, 99% used [0x00000000d5580000,0x00000000d6955ed8,0x00000000d6980000)
  from space 512K, 87% used [0x00000000d6a80000,0x00000000d6af0000,0x00000000d6b00000)
  to   space 1024K, 0% used [0x00000000d6b00000,0x00000000d6b00000,0x00000000d6c00000)
 ParOldGen       total 68608K, used 42661K [0x0000000080000000, 0x0000000084300000, 0x00000000d5580000)
  object space 68608K, 62% used [0x0000000080000000,0x00000000829a9768,0x0000000084300000)
 Metaspace       used 57319K, committed 58560K, reserved 1114112K
  class space    used 6294K, committed 6784K, reserved 1048576K
}
Event: 86.684 GC heap after
{Heap after GC invocations=36 (full 2):
 PSYoungGen      total 20480K, used 1000K [0x00000000d5580000, 0x00000000d6e80000, 0x0000000100000000)
  eden space 19456K, 0% used [0x00000000d5580000,0x00000000d5580000,0x00000000d6880000)
  from space 1024K, 97% used [0x00000000d6b00000,0x00000000d6bfa230,0x00000000d6c00000)
  to   space 2560K, 0% used [0x00000000d6880000,0x00000000d6880000,0x00000000d6b00000)
 ParOldGen       total 68608K, used 43521K [0x0000000080000000, 0x0000000084300000, 0x00000000d5580000)
  object space 68608K, 63% used [0x0000000080000000,0x0000000082a80490,0x0000000084300000)
 Metaspace       used 57319K, committed 58560K, reserved 1114112K
  class space    used 6294K, committed 6784K, reserved 1048576K
}
Event: 86.783 GC heap before
{Heap before GC invocations=37 (full 2):
 PSYoungGen      total 20480K, used 20456K [0x00000000d5580000, 0x00000000d6e80000, 0x0000000100000000)
  eden space 19456K, 100% used [0x00000000d5580000,0x00000000d6880000,0x00000000d6880000)
  from space 1024K, 97% used [0x00000000d6b00000,0x00000000d6bfa230,0x00000000d6c00000)
  to   space 2560K, 0% used [0x00000000d6880000,0x00000000d6880000,0x00000000d6b00000)
 ParOldGen       total 68608K, used 43521K [0x0000000080000000, 0x0000000084300000, 0x00000000d5580000)
  object space 68608K, 63% used [0x0000000080000000,0x0000000082a80490,0x0000000084300000)
 Metaspace       used 57537K, committed 58752K, reserved 1114112K
  class space    used 6301K, committed 6784K, reserved 1048576K
}
Event: 86.784 GC heap after
{Heap after GC invocations=37 (full 2):
 PSYoungGen      total 19968K, used 160K [0x00000000d5580000, 0x00000000d6b80000, 0x0000000100000000)
  eden space 19456K, 0% used [0x00000000d5580000,0x00000000d5580000,0x00000000d6880000)
  from space 512K, 31% used [0x00000000d6880000,0x00000000d68a8000,0x00000000d6900000)
  to   space 1024K, 0% used [0x00000000d6a80000,0x00000000d6a80000,0x00000000d6b80000)
 ParOldGen       total 68608K, used 43625K [0x0000000080000000, 0x0000000084300000, 0x00000000d5580000)
  object space 68608K, 63% used [0x0000000080000000,0x0000000082a9a490,0x0000000084300000)
 Metaspace       used 57537K, committed 58752K, reserved 1114112K
  class space    used 6301K, committed 6784K, reserved 1048576K
}
Event: 87.079 GC heap before
{Heap before GC invocations=38 (full 2):
 PSYoungGen      total 19968K, used 6410K [0x00000000d5580000, 0x00000000d6b80000, 0x0000000100000000)
  eden space 19456K, 32% used [0x00000000d5580000,0x00000000d5b9ab88,0x00000000d6880000)
  from space 512K, 31% used [0x00000000d6880000,0x00000000d68a8000,0x00000000d6900000)
  to   space 1024K, 0% used [0x00000000d6a80000,0x00000000d6a80000,0x00000000d6b80000)
 ParOldGen       total 68608K, used 43625K [0x0000000080000000, 0x0000000084300000, 0x00000000d5580000)
  object space 68608K, 63% used [0x0000000080000000,0x0000000082a9a490,0x0000000084300000)
 Metaspace       used 58557K, committed 59776K, reserved 1114112K
  class space    used 6401K, committed 6912K, reserved 1048576K
}
Event: 87.082 GC heap after
{Heap after GC invocations=38 (full 2):
 PSYoungGen      total 19968K, used 320K [0x00000000d5580000, 0x00000000d6b00000, 0x0000000100000000)
  eden space 19456K, 0% used [0x00000000d5580000,0x00000000d5580000,0x00000000d6880000)
  from space 512K, 62% used [0x00000000d6a80000,0x00000000d6ad0000,0x00000000d6b00000)
  to   space 512K, 0% used [0x00000000d6880000,0x00000000d6880000,0x00000000d6900000)
 ParOldGen       total 68608K, used 43649K [0x0000000080000000, 0x0000000084300000, 0x00000000d5580000)
  object space 68608K, 63% used [0x0000000080000000,0x0000000082aa0490,0x0000000084300000)
 Metaspace       used 58557K, committed 59776K, reserved 1114112K
  class space    used 6401K, committed 6912K, reserved 1048576K
}
Event: 87.082 GC heap before
{Heap before GC invocations=39 (full 3):
 PSYoungGen      total 19968K, used 320K [0x00000000d5580000, 0x00000000d6b00000, 0x0000000100000000)
  eden space 19456K, 0% used [0x00000000d5580000,0x00000000d5580000,0x00000000d6880000)
  from space 512K, 62% used [0x00000000d6a80000,0x00000000d6ad0000,0x00000000d6b00000)
  to   space 512K, 0% used [0x00000000d6880000,0x00000000d6880000,0x00000000d6900000)
 ParOldGen       total 68608K, used 43649K [0x0000000080000000, 0x0000000084300000, 0x00000000d5580000)
  object space 68608K, 63% used [0x0000000080000000,0x0000000082aa0490,0x0000000084300000)
 Metaspace       used 58557K, committed 59776K, reserved 1114112K
  class space    used 6401K, committed 6912K, reserved 1048576K
}
Event: 87.236 GC heap after
{Heap after GC invocations=39 (full 3):
 PSYoungGen      total 19968K, used 0K [0x00000000d5580000, 0x00000000d6b00000, 0x0000000100000000)
  eden space 19456K, 0% used [0x00000000d5580000,0x00000000d5580000,0x00000000d6880000)
  from space 512K, 0% used [0x00000000d6a80000,0x00000000d6a80000,0x00000000d6b00000)
  to   space 512K, 0% used [0x00000000d6880000,0x00000000d6880000,0x00000000d6900000)
 ParOldGen       total 68608K, used 37043K [0x0000000080000000, 0x0000000084300000, 0x00000000d5580000)
  object space 68608K, 53% used [0x0000000080000000,0x000000008242ce60,0x0000000084300000)
 Metaspace       used 58557K, committed 59776K, reserved 1114112K
  class space    used 6401K, committed 6912K, reserved 1048576K
}

